{
  "RSpec": {
    "coverage": {
      "/Users/AMinhas/Documents/bf-land/land/lib/land/action.rb": {
        "lines": [
          1,
          1,
          1,
          null,
          1,
          1,
          null,
          null,
          null,
          1,
          33,
          null,
          null,
          33,
          33,
          null,
          null,
          0,
          null,
          0,
          0,
          null,
          null,
          null,
          null,
          null,
          null,
          null,
          33,
          null,
          1,
          1,
          null,
          null,
          33,
          null,
          null,
          0,
          null,
          0,
          0,
          null,
          null,
          null,
          null,
          null,
          null,
          null,
          null,
          1,
          33,
          null,
          null,
          1,
          33,
          null,
          null,
          1,
          33,
          null,
          null,
          null
        ]
      },
      "/Users/AMinhas/Documents/bf-land/land/app/helpers/land/helper.rb": {
        "lines": [
          1,
          1,
          1,
          null,
          null
        ]
      },
      "/Users/AMinhas/Documents/bf-land/land/app/models/concerns/land/table_name.rb": {
        "lines": [
          null,
          null,
          1,
          1,
          1,
          null,
          1,
          38,
          null,
          null,
          null
        ]
      },
      "/Users/AMinhas/Documents/bf-land/land/lib/land/tracker.rb": {
        "lines": [
          null,
          null,
          1,
          1,
          null,
          1,
          1,
          null,
          null,
          null,
          null,
          null,
          null,
          null,
          null,
          null,
          null,
          null,
          null,
          null,
          null,
          1,
          null,
          null,
          null,
          null,
          null,
          null,
          null,
          null,
          null,
          null,
          null,
          null,
          null,
          null,
          null,
          null,
          null,
          null,
          null,
          null,
          null,
          null,
          null,
          1,
          1,
          null,
          null,
          1,
          null,
          null,
          null,
          null,
          null,
          null,
          null,
          null,
          null,
          null,
          null,
          null,
          null,
          null,
          null,
          null,
          null,
          null,
          null,
          null,
          null,
          null,
          null,
          null,
          null,
          null,
          null,
          null,
          null,
          1,
          null,
          1,
          1,
          null,
          null,
          null,
          1,
          null,
          null,
          null,
          null,
          null,
          null,
          1,
          null,
          1,
          null,
          1,
          1,
          null,
          1,
          1,
          34,
          34,
          34,
          null,
          null,
          34,
          null,
          34,
          null,
          null,
          null,
          1,
          null,
          34,
          34,
          34,
          34,
          34,
          null,
          null,
          1,
          0,
          null,
          0,
          0,
          null,
          null,
          null,
          1,
          0,
          null,
          null,
          1,
          null,
          1,
          66,
          null,
          null,
          1,
          33,
          33,
          33,
          null,
          null,
          1,
          33,
          2,
          null,
          null,
          1,
          1,
          null,
          null,
          1,
          33,
          null,
          null,
          1,
          33,
          null,
          null,
          1,
          33,
          33,
          null,
          1,
          1,
          1,
          null,
          null,
          1,
          null,
          null,
          null,
          0,
          0,
          null,
          null,
          null,
          1,
          33,
          null,
          null,
          1,
          70,
          null,
          null,
          1,
          33,
          null,
          null,
          1,
          33,
          null,
          null,
          1,
          50,
          null,
          null,
          1,
          66,
          null,
          33,
          33,
          null,
          33,
          null,
          null,
          1,
          33,
          null,
          null,
          1,
          0,
          null,
          null,
          1,
          2,
          null,
          null,
          1,
          33,
          null,
          null,
          1,
          33,
          null,
          null,
          1,
          33,
          33,
          33,
          33,
          33,
          33,
          33,
          null,
          33,
          null,
          null,
          1,
          33,
          null,
          null,
          1,
          33,
          null,
          null,
          1,
          33,
          null,
          33,
          3349,
          726,
          47,
          null,
          null,
          33,
          198,
          30,
          null,
          null,
          33,
          null,
          null,
          1,
          116,
          null,
          null,
          1,
          66,
          null,
          null,
          1,
          0,
          null,
          null,
          1,
          66,
          null,
          null,
          1,
          33,
          null,
          null,
          1,
          0,
          0,
          null,
          null,
          null
        ]
      },
      "/Users/AMinhas/Documents/bf-land/land/app/lookups/land/http_method.rb": {
        "lines": [
          1,
          1,
          1,
          null,
          1,
          null,
          1,
          null,
          null
        ]
      },
      "/Users/AMinhas/Documents/bf-land/land/app/models/land/application_record.rb": {
        "lines": [
          1,
          1,
          1,
          null,
          null
        ]
      },
      "/Users/AMinhas/Documents/bf-land/land/app/lookups/land/path.rb": {
        "lines": [
          1,
          1,
          1,
          null,
          1,
          null,
          1,
          1,
          null,
          null
        ]
      },
      "/Users/AMinhas/Documents/bf-land/land/app/lookups/land/query_string.rb": {
        "lines": [
          1,
          1,
          1,
          null,
          1,
          null,
          1,
          1,
          null,
          null
        ]
      },
      "/Users/AMinhas/Documents/bf-land/land/app/models/land/user_agent.rb": {
        "lines": [
          1,
          1,
          1,
          null,
          1,
          null,
          1,
          null,
          1,
          1,
          1,
          1,
          null,
          1,
          null,
          null
        ]
      },
      "/Users/AMinhas/Documents/bf-land/land/app/lookups/land/user_agent_type.rb": {
        "lines": [
          1,
          1,
          1,
          null,
          1,
          null,
          1,
          null,
          null
        ]
      },
      "/Users/AMinhas/Documents/bf-land/land/app/lookups/land/device.rb": {
        "lines": [
          1,
          1,
          1,
          null,
          1,
          null,
          1,
          null,
          null
        ]
      },
      "/Users/AMinhas/Documents/bf-land/land/app/lookups/land/platform.rb": {
        "lines": [
          1,
          1,
          1,
          null,
          1,
          null,
          1,
          1,
          null,
          null
        ]
      },
      "/Users/AMinhas/Documents/bf-land/land/app/lookups/land/browser.rb": {
        "lines": [
          1,
          1,
          1,
          null,
          1,
          null,
          1,
          null,
          null
        ]
      },
      "/Users/AMinhas/Documents/bf-land/land/lib/land/trackers/user_tracker.rb": {
        "lines": [
          null,
          null,
          1,
          1,
          1,
          1,
          null,
          1,
          33,
          33,
          33,
          null,
          null,
          1,
          33,
          null,
          33,
          null,
          null,
          33,
          33,
          33,
          33,
          33,
          null,
          null,
          1,
          33,
          null,
          33,
          33,
          null,
          33,
          33,
          33,
          33,
          null,
          33,
          null,
          33,
          null,
          33,
          null,
          33,
          33,
          null,
          null,
          null,
          1,
          33,
          null,
          33,
          null,
          33,
          null,
          null,
          null,
          33,
          33,
          null,
          null,
          null,
          1,
          1,
          null,
          1,
          null,
          1,
          1,
          null,
          null,
          1,
          0,
          0,
          null,
          null,
          null,
          null,
          null
        ]
      },
      "/Users/AMinhas/Documents/bf-land/land/app/models/land/visit.rb": {
        "lines": [
          1,
          1,
          1,
          null,
          1,
          1,
          1,
          1,
          null,
          1,
          null,
          1,
          null,
          1,
          34,
          null,
          null,
          null
        ]
      },
      "/Users/AMinhas/Documents/bf-land/land/app/models/land/owner.rb": {
        "lines": [
          1,
          1,
          1,
          null,
          1,
          null,
          1,
          1,
          null,
          null
        ]
      },
      "/Users/AMinhas/Documents/bf-land/land/app/models/land/cookie.rb": {
        "lines": [
          1,
          1,
          1,
          null,
          1,
          null,
          1,
          1,
          null,
          1,
          35,
          null,
          null,
          null
        ]
      },
      "/Users/AMinhas/Documents/bf-land/land/app/models/land/attribution.rb": {
        "lines": [
          null,
          null,
          1,
          1,
          1,
          null,
          1,
          null,
          null,
          null,
          null,
          null,
          null,
          null,
          null,
          null,
          null,
          null,
          null,
          null,
          null,
          null,
          null,
          null,
          null,
          null,
          null,
          null,
          null,
          null,
          1,
          null,
          1,
          21,
          null,
          null,
          1,
          null,
          1,
          1,
          86,
          null,
          86,
          null,
          86,
          159,
          null,
          null,
          86,
          null,
          null,
          1,
          34,
          null,
          0,
          null,
          null,
          1,
          52,
          null,
          null,
          null,
          null
        ]
      },
      "/Users/AMinhas/Documents/bf-land/land/app/lookups/land/ad_type.rb": {
        "lines": [
          1,
          1,
          1,
          null,
          1,
          null,
          1,
          null,
          null
        ]
      },
      "/Users/AMinhas/Documents/bf-land/land/app/lookups/land/ad_group.rb": {
        "lines": [
          1,
          1,
          1,
          null,
          1,
          null,
          1,
          null,
          null
        ]
      },
      "/Users/AMinhas/Documents/bf-land/land/app/lookups/land/affiliate.rb": {
        "lines": [
          1,
          1,
          1,
          null,
          1,
          null,
          1,
          null,
          null
        ]
      },
      "/Users/AMinhas/Documents/bf-land/land/app/lookups/land/app.rb": {
        "lines": [
          1,
          1,
          1,
          null,
          1,
          null,
          1,
          null,
          null
        ]
      },
      "/Users/AMinhas/Documents/bf-land/land/app/lookups/land/bid_match_type.rb": {
        "lines": [
          1,
          1,
          1,
          null,
          1,
          null,
          1,
          null,
          null
        ]
      },
      "/Users/AMinhas/Documents/bf-land/land/app/lookups/land/brand.rb": {
        "lines": [
          1,
          1,
          1,
          null,
          1,
          null,
          1,
          null,
          null
        ]
      },
      "/Users/AMinhas/Documents/bf-land/land/app/lookups/land/campaign.rb": {
        "lines": [
          1,
          1,
          null,
          1,
          null,
          1,
          null,
          1,
          null,
          null
        ]
      },
      "/Users/AMinhas/Documents/bf-land/land/app/lookups/land/content.rb": {
        "lines": [
          1,
          1,
          1,
          null,
          1,
          null,
          1,
          null,
          null
        ]
      },
      "/Users/AMinhas/Documents/bf-land/land/app/lookups/land/creative.rb": {
        "lines": [
          1,
          1,
          1,
          null,
          1,
          null,
          1,
          null,
          null
        ]
      },
      "/Users/AMinhas/Documents/bf-land/land/app/lookups/land/device_type.rb": {
        "lines": [
          1,
          1,
          1,
          null,
          1,
          null,
          1,
          null,
          null
        ]
      },
      "/Users/AMinhas/Documents/bf-land/land/app/lookups/land/experiment.rb": {
        "lines": [
          1,
          1,
          1,
          null,
          1,
          null,
          1,
          null,
          null
        ]
      },
      "/Users/AMinhas/Documents/bf-land/land/app/lookups/land/keyword.rb": {
        "lines": [
          1,
          1,
          1,
          null,
          1,
          null,
          1,
          null,
          null
        ]
      },
      "/Users/AMinhas/Documents/bf-land/land/app/lookups/land/match_type.rb": {
        "lines": [
          1,
          1,
          1,
          null,
          1,
          null,
          1,
          null,
          null
        ]
      },
      "/Users/AMinhas/Documents/bf-land/land/app/lookups/land/medium.rb": {
        "lines": [
          1,
          1,
          1,
          null,
          1,
          null,
          1,
          null,
          null
        ]
      },
      "/Users/AMinhas/Documents/bf-land/land/app/lookups/land/network.rb": {
        "lines": [
          1,
          1,
          1,
          null,
          1,
          null,
          1,
          null,
          null
        ]
      },
      "/Users/AMinhas/Documents/bf-land/land/app/lookups/land/placement.rb": {
        "lines": [
          1,
          1,
          1,
          null,
          1,
          null,
          1,
          null,
          null
        ]
      },
      "/Users/AMinhas/Documents/bf-land/land/app/lookups/land/position.rb": {
        "lines": [
          1,
          1,
          1,
          null,
          1,
          null,
          1,
          null,
          null
        ]
      },
      "/Users/AMinhas/Documents/bf-land/land/app/lookups/land/search_term.rb": {
        "lines": [
          1,
          1,
          1,
          null,
          1,
          null,
          1,
          null,
          null
        ]
      },
      "/Users/AMinhas/Documents/bf-land/land/app/lookups/land/source.rb": {
        "lines": [
          1,
          1,
          1,
          null,
          1,
          null,
          1,
          null,
          null
        ]
      },
      "/Users/AMinhas/Documents/bf-land/land/app/lookups/land/subsource.rb": {
        "lines": [
          1,
          1,
          1,
          null,
          1,
          null,
          1,
          null,
          null
        ]
      },
      "/Users/AMinhas/Documents/bf-land/land/app/lookups/land/target.rb": {
        "lines": [
          1,
          1,
          1,
          null,
          1,
          null,
          1,
          null,
          null
        ]
      },
      "/Users/AMinhas/Documents/bf-land/land/app/models/land/pageview.rb": {
        "lines": [
          1,
          1,
          1,
          1,
          null,
          null,
          null,
          null,
          null,
          1,
          null,
          1,
          1,
          1,
          1,
          null,
          1,
          33,
          null,
          null,
          null
        ]
      },
      "/Users/AMinhas/Documents/bf-land/land/app/lookups/land/mime_type.rb": {
        "lines": [
          1,
          1,
          1,
          null,
          1,
          null,
          1,
          null,
          null
        ]
      },
      "/Users/AMinhas/Documents/bf-land/land/app/models/land/referer.rb": {
        "lines": [
          null,
          null,
          1,
          1,
          1,
          null,
          1,
          1,
          1,
          null,
          1,
          0,
          null,
          null,
          1,
          0,
          null,
          null,
          null
        ]
      },
      "/Users/AMinhas/Documents/bf-land/land/app/lookups/land/domain.rb": {
        "lines": [
          1,
          1,
          1,
          null,
          1,
          null,
          1,
          null,
          null
        ]
      },
      "/Users/AMinhas/Documents/bf-land/land/app/models/land/ownership.rb": {
        "lines": [
          1,
          1,
          1,
          null,
          1,
          1,
          null,
          null
        ]
      },
      "/Users/AMinhas/Documents/bf-land/land/app/lookups/land/event_type.rb": {
        "lines": [
          0,
          0,
          0,
          null,
          0,
          null,
          0,
          0,
          0
        ],
        "branches": {
        }
      },
      "/Users/AMinhas/Documents/bf-land/land/app/models/land/event.rb": {
        "lines": [
          0,
          0,
          0,
          0,
          null,
          0,
          null,
          0,
          0,
          0
        ],
        "branches": {
        }
      },
      "/Users/AMinhas/Documents/bf-land/land/app/jobs/land/application_job.rb": {
        "lines": [
          0,
          0,
          0,
          0
        ],
        "branches": {
        }
      },
      "/Users/AMinhas/Documents/bf-land/land/lib/land.rb": {
        "lines": [
          null,
          null,
          0,
          0,
          null,
          0,
          null,
          0,
          0,
          null,
          0,
          0,
          0,
          null,
          0,
          0,
          0,
          0,
          null,
          0,
          0,
          0,
          null,
          0,
          null,
          0,
          null,
          0,
          0,
          0
        ],
        "branches": {
        }
      },
      "/Users/AMinhas/Documents/bf-land/land/lib/land/trackers/noop_tracker.rb": {
        "lines": [
          0,
          0,
          0,
          0,
          0,
          0,
          0,
          0
        ],
        "branches": {
        }
      },
      "/Users/AMinhas/Documents/bf-land/land/lib/land/engine.rb": {
        "lines": [
          null,
          null,
          0,
          0,
          null,
          0,
          0,
          0,
          null,
          0,
          0,
          0,
          null,
          0,
          0,
          0,
          0,
          0
        ],
        "branches": {
        }
      },
      "/Users/AMinhas/Documents/bf-land/land/lib/land/config.rb": {
        "lines": [
          null,
          null,
          0,
          0,
          0,
          null,
          0,
          0,
          null,
          0,
          0,
          0,
          0,
          null,
          0,
          0,
          0,
          null,
          0,
          0,
          null,
          0,
          0,
          null,
          0,
          0,
          null,
          0,
          0,
          null,
          0,
          0,
          0,
          null,
          0,
          0,
          0,
          null,
          0,
          0,
          0,
          null,
          0,
          0,
          0,
          null,
          0,
          0,
          0,
          null,
          0,
          0,
          0,
          null,
          0,
          0,
          0,
          null,
          0,
          0,
          0,
          0
        ],
        "branches": {
        }
      },
      "/Users/AMinhas/Documents/bf-land/land/lib/land/version.rb": {
        "lines": [
          null,
          null,
          0,
          0,
          0
        ],
        "branches": {
        }
      },
      "/Users/AMinhas/Documents/bf-land/land/lib/generators/land/install_generator.rb": {
        "lines": [
          null,
          null,
          0,
          null,
          0,
          0,
          0,
          0,
          null,
          0,
          null,
          0,
          0,
          0,
          0,
          0,
          0
        ],
        "branches": {
        }
      },
      "/Users/AMinhas/Documents/bf-land/land/lib/generators/templates/land.rb": {
        "lines": [
          null,
          null,
          0,
          null,
          0,
          null,
          0,
          null,
          null,
          null,
          null,
          null,
          null,
          null,
          null,
          null,
          null,
          null,
          null,
          null,
          null,
          0,
          null,
          null,
          0,
          null,
          null,
          0,
          0
        ],
        "branches": {
        }
      }
    },
    "timestamp": 1595537921
  }
}
